2024-01-23 09:22:01.717 INFO  250   ---
				[main] o.h.jpa.internal.util.LogHelper : HHH000204: Processing PersistenceUnitInfo [name: gestionCB_mysql]
2024-01-23 09:22:01.781 INFO  314   ---
				[main] org.hibernate.Version : HHH000412: Hibernate ORM core version 6.4.1.Final
2024-01-23 09:22:01.825 INFO  358   ---
				[main] o.h.c.i.RegionFactoryInitiator : HHH000026: Second-level cache disabled
2024-01-23 09:22:02.027 WARN  560   ---
				[main] o.hibernate.orm.connections.pooling : HHH10001002: Using built-in connection pool (not intended for production use)
2024-01-23 09:22:02.042 INFO  575   ---
				[main] o.hibernate.orm.connections.pooling : HHH10001005: Loaded JDBC driver class: com.mysql.cj.jdbc.Driver
2024-01-23 09:22:02.042 INFO  575   ---
				[main] o.hibernate.orm.connections.pooling : HHH10001012: Connecting with JDBC URL [jdbc:mysql://localhost:3306/gestioncomptebancaire2]
2024-01-23 09:22:02.043 INFO  576   ---
				[main] o.hibernate.orm.connections.pooling : HHH10001001: Connection properties: {password=****, user=root}
2024-01-23 09:22:02.043 INFO  576   ---
				[main] o.hibernate.orm.connections.pooling : HHH10001003: Autocommit mode: false
2024-01-23 09:22:02.047 INFO  580   ---
				[main] o.hibernate.orm.connections.pooling : HHH10001115: Connection pool size: 20 (min=1)
2024-01-23 09:22:02.236 WARN  769   ---
				[main] org.hibernate.dialect.Dialect : HHH000511: The 5.7.31 version for [org.hibernate.dialect.MySQLDialect] is no longer supported, hence certain features may not work properly. The minimum supported version is 8.0.0. Check the community dialects project for available legacy versions.
2024-01-23 09:22:02.241 WARN  774   ---
				[main] org.hibernate.orm.deprecation : HHH90000025: MySQLDialect does not need to be specified explicitly using 'hibernate.dialect' (remove the property setting and it will be selected by default)
2024-01-23 09:22:03.193 INFO  1726  ---
				[main] o.h.e.t.j.p.i.JtaPlatformInitiator : HHH000489: No JTA platform available (set 'hibernate.transaction.jta.platform' to enable JTA platform integration)
2024-01-23 09:22:03.210 INFO  1743  ---
				[main] o.hibernate.orm.connections.access : HHH10001501: Connection obtained from JdbcConnectionAccess [org.hibernate.engine.jdbc.env.internal.JdbcEnvironmentInitiator$ConnectionProviderJdbcConnectionAccess@9b367c8] for (non-JTA) DDL execution was not in auto-commit mode; the Connection 'local transaction' will be committed and the Connection will be set into auto-commit mode.
2024-01-23 09:22:03.225 INFO  1758  ---
				[main] o.hibernate.orm.connections.access : HHH10001501: Connection obtained from JdbcConnectionAccess [org.hibernate.engine.jdbc.env.internal.JdbcEnvironmentInitiator$ConnectionProviderJdbcConnectionAccess@7f22687e] for (non-JTA) DDL execution was not in auto-commit mode; the Connection 'local transaction' will be committed and the Connection will be set into auto-commit mode.
2024-01-23 09:23:46.636 INFO  258   ---
				[main] o.h.jpa.internal.util.LogHelper : HHH000204: Processing PersistenceUnitInfo [name: gestionCB_mysql]
2024-01-23 09:23:46.694 INFO  316   ---
				[main] org.hibernate.Version : HHH000412: Hibernate ORM core version 6.4.1.Final
2024-01-23 09:23:46.733 INFO  355   ---
				[main] o.h.c.i.RegionFactoryInitiator : HHH000026: Second-level cache disabled
2024-01-23 09:23:46.924 WARN  546   ---
				[main] o.hibernate.orm.connections.pooling : HHH10001002: Using built-in connection pool (not intended for production use)
2024-01-23 09:23:46.938 INFO  560   ---
				[main] o.hibernate.orm.connections.pooling : HHH10001005: Loaded JDBC driver class: com.mysql.cj.jdbc.Driver
2024-01-23 09:23:46.939 INFO  561   ---
				[main] o.hibernate.orm.connections.pooling : HHH10001012: Connecting with JDBC URL [jdbc:mysql://localhost:3306/gestioncomptebancaire2]
2024-01-23 09:23:46.939 INFO  561   ---
				[main] o.hibernate.orm.connections.pooling : HHH10001001: Connection properties: {password=****, user=root}
2024-01-23 09:23:46.939 INFO  561   ---
				[main] o.hibernate.orm.connections.pooling : HHH10001003: Autocommit mode: false
2024-01-23 09:23:46.944 INFO  566   ---
				[main] o.hibernate.orm.connections.pooling : HHH10001115: Connection pool size: 20 (min=1)
2024-01-23 09:23:47.121 WARN  743   ---
				[main] org.hibernate.dialect.Dialect : HHH000511: The 5.7.31 version for [org.hibernate.dialect.MySQLDialect] is no longer supported, hence certain features may not work properly. The minimum supported version is 8.0.0. Check the community dialects project for available legacy versions.
2024-01-23 09:23:47.127 WARN  749   ---
				[main] org.hibernate.orm.deprecation : HHH90000025: MySQLDialect does not need to be specified explicitly using 'hibernate.dialect' (remove the property setting and it will be selected by default)
2024-01-23 09:23:48.038 INFO  1660  ---
				[main] o.h.e.t.j.p.i.JtaPlatformInitiator : HHH000489: No JTA platform available (set 'hibernate.transaction.jta.platform' to enable JTA platform integration)
2024-01-23 09:23:48.059 INFO  1681  ---
				[main] o.hibernate.orm.connections.access : HHH10001501: Connection obtained from JdbcConnectionAccess [org.hibernate.engine.jdbc.env.internal.JdbcEnvironmentInitiator$ConnectionProviderJdbcConnectionAccess@7f22687e] for (non-JTA) DDL execution was not in auto-commit mode; the Connection 'local transaction' will be committed and the Connection will be set into auto-commit mode.
2024-01-23 09:32:01.281 INFO  249   ---
				[main] o.h.jpa.internal.util.LogHelper : HHH000204: Processing PersistenceUnitInfo [name: gestionCB_mysql]
2024-01-23 09:32:01.341 INFO  309   ---
				[main] org.hibernate.Version : HHH000412: Hibernate ORM core version 6.4.1.Final
2024-01-23 09:32:01.383 INFO  351   ---
				[main] o.h.c.i.RegionFactoryInitiator : HHH000026: Second-level cache disabled
2024-01-23 09:32:01.574 WARN  542   ---
				[main] o.hibernate.orm.connections.pooling : HHH10001002: Using built-in connection pool (not intended for production use)
2024-01-23 09:32:01.590 INFO  558   ---
				[main] o.hibernate.orm.connections.pooling : HHH10001005: Loaded JDBC driver class: com.mysql.cj.jdbc.Driver
2024-01-23 09:32:01.590 INFO  558   ---
				[main] o.hibernate.orm.connections.pooling : HHH10001012: Connecting with JDBC URL [jdbc:mysql://localhost:3306/gestioncomptebancaire2]
2024-01-23 09:32:01.590 INFO  558   ---
				[main] o.hibernate.orm.connections.pooling : HHH10001001: Connection properties: {password=****, user=root}
2024-01-23 09:32:01.590 INFO  558   ---
				[main] o.hibernate.orm.connections.pooling : HHH10001003: Autocommit mode: false
2024-01-23 09:32:01.594 INFO  562   ---
				[main] o.hibernate.orm.connections.pooling : HHH10001115: Connection pool size: 20 (min=1)
2024-01-23 09:32:01.770 WARN  738   ---
				[main] org.hibernate.dialect.Dialect : HHH000511: The 5.7.31 version for [org.hibernate.dialect.MySQLDialect] is no longer supported, hence certain features may not work properly. The minimum supported version is 8.0.0. Check the community dialects project for available legacy versions.
2024-01-23 09:32:01.775 WARN  743   ---
				[main] org.hibernate.orm.deprecation : HHH90000025: MySQLDialect does not need to be specified explicitly using 'hibernate.dialect' (remove the property setting and it will be selected by default)
2024-01-23 09:32:02.771 INFO  1739  ---
				[main] o.h.e.t.j.p.i.JtaPlatformInitiator : HHH000489: No JTA platform available (set 'hibernate.transaction.jta.platform' to enable JTA platform integration)
2024-01-23 09:32:02.788 INFO  1756  ---
				[main] o.hibernate.orm.connections.access : HHH10001501: Connection obtained from JdbcConnectionAccess [org.hibernate.engine.jdbc.env.internal.JdbcEnvironmentInitiator$ConnectionProviderJdbcConnectionAccess@6321a5aa] for (non-JTA) DDL execution was not in auto-commit mode; the Connection 'local transaction' will be committed and the Connection will be set into auto-commit mode.
2024-01-23 09:32:02.809 INFO  1777  ---
				[main] o.hibernate.orm.connections.access : HHH10001501: Connection obtained from JdbcConnectionAccess [org.hibernate.engine.jdbc.env.internal.JdbcEnvironmentInitiator$ConnectionProviderJdbcConnectionAccess@56a05324] for (non-JTA) DDL execution was not in auto-commit mode; the Connection 'local transaction' will be committed and the Connection will be set into auto-commit mode.
